<?xml version="1.0" encoding="UTF-8"?>
<testng-results ignored="0" total="1" passed="1" failed="0" skipped="0">
  <reporter-output>
  </reporter-output>
  <suite started-at="2020-06-09T18:49:24 EEST" name="Suite1" finished-at="2020-06-09T18:49:36 EEST" duration-ms="12939">
    <groups>
      <group name="uitest">
        <method signature="PgaTourFeed.pgaTourFeedTest()[pri:1, instance:pgatTests.PgaTourFeed@4803b726]" name="pgaTourFeedTest" class="pgatTests.PgaTourFeed"/>
      </group> <!-- uitest -->
    </groups>
    <test started-at="2020-06-09T18:49:24 EEST" name="Test1" finished-at="2020-06-09T18:49:36 EEST" duration-ms="12939">
      <class name="pgatTests.PgaTourFeed">
        <test-method is-config="true" signature="setUp(helpers.Browsers)[pri:0, instance:pgatTests.PgaTourFeed@4803b726]" started-at="2020-06-09T18:49:24 EEST" name="setUp" finished-at="2020-06-09T18:49:33 EEST" duration-ms="9091" status="PASS">
          <params>
            <param index="0">
              <value>
                <![CDATA[CHROME]]>
              </value>
            </param>
          </params>
          <reporter-output>
          </reporter-output>
        </test-method> <!-- setUp -->
        <test-method signature="pgaTourFeedTest()[pri:1, instance:pgatTests.PgaTourFeed@4803b726]" started-at="2020-06-09T18:49:33 EEST" name="pgaTourFeedTest" finished-at="2020-06-09T18:49:34 EEST" duration-ms="1513" status="PASS">
          <reporter-output>
          </reporter-output>
        </test-method> <!-- pgaTourFeedTest -->
        <test-method is-config="true" signature="logout()[pri:0, instance:pgatTests.PgaTourFeed@4803b726]" started-at="2020-06-09T18:49:34 EEST" name="logout" finished-at="2020-06-09T18:49:36 EEST" duration-ms="2307" status="PASS">
          <reporter-output>
          </reporter-output>
        </test-method> <!-- logout -->
      </class> <!-- pgatTests.PgaTourFeed -->
    </test> <!-- Test1 -->
  </suite> <!-- Suite1 -->
</testng-results>
